<?xml version="1.0" encoding="UTF-8"?>
<!-- Generated by org.testng.reporters.JUnitXMLReporter -->
<testsuite ignored="0" hostname="DESKTOP-A5LBHQJ" failures="1" tests="1" name="Confirmation Order" time="6.188" errors="0" timestamp="2023-09-13T19:11:33 EEST">
  <testcase classname="testcases.TC05_Confirm_Order" name="Confirm_Order" time="1.553">
    <failure type="java.lang.ExceptionInInitializerError">
      <![CDATA[java.lang.ExceptionInInitializerError
at testcases.TC05_Confirm_Order.Confirm_Order(TC05_Confirm_Order.java:27)
at java.base/java.util.ArrayList.forEach(ArrayList.java:1511)
at com.intellij.rt.testng.IDEARemoteTestNG.run(IDEARemoteTestNG.java:66)
at com.intellij.rt.testng.RemoteTestNGStarter.main(RemoteTestNGStarter.java:105)
Caused by: java.lang.NullPointerException: Cannot invoke "org.openqa.selenium.WebDriver.findElements(org.openqa.selenium.By)" because "pages.P02_AddProductsToCart.driver" is null
at pages.P02_AddProductsToCart.getPricesFromCart(P02_AddProductsToCart.java:44)
at pages.P02_AddProductsToCart.<clinit>(P02_AddProductsToCart.java:63)
... 26 more
... Removed 22 stack frames]]>
    </failure>
  </testcase> <!-- Confirm_Order -->
</testsuite> <!-- Confirmation Order -->
