<?xml version="1.0" encoding="UTF-8"?>
<!-- Generated by org.testng.reporters.JUnitXMLReporter -->
<testsuite ignored="0" hostname="DESKTOP-A5LBHQJ" failures="0" tests="1" name="SwagLaps-Project" time="0.045" errors="0" timestamp="2023-09-12T00:42:31 EEST">
  <testcase classname="testcases.TestBase" name="@BeforeTest setupChromeDriver" time="-1.694468551434E9">
    <failure type="org.testng.TestNGException" message="
Parameter &amp;apos;browser&amp;apos; is required by BeforeTest on method setupChromeDriver but has not been marked @Optional or defined
in C:\Users\ahmed_2hd8jak\AppData\Local\JetBrains\IdeaIC2023.2\temp-testng-customsuite.xml">
      <![CDATA[org.testng.TestNGException: 
Parameter 'browser' is required by BeforeTest on method setupChromeDriver but has not been marked @Optional or defined
in C:\Users\ahmed_2hd8jak\AppData\Local\JetBrains\IdeaIC2023.2\temp-testng-customsuite.xml
at com.intellij.rt.testng.IDEARemoteTestNG.run(IDEARemoteTestNG.java:66)
at com.intellij.rt.testng.RemoteTestNGStarter.main(RemoteTestNGStarter.java:105)
... Removed 18 stack frames]]>
    </failure>
  </testcase> <!-- @BeforeTest setupChromeDriver -->
  <testcase classname="testcases.TC05_Confirm_Order" name="Confirm_Order" time="0.0">
    <skipped/>
  </testcase> <!-- Confirm_Order -->
</testsuite> <!-- SwagLaps-Project -->
